{
  "stats": {
    "suites": 1,
    "tests": 1,
    "passes": 1,
    "pending": 0,
    "failures": 0,
    "start": "2024-04-21T14:17:14.852Z",
    "end": "2024-04-21T14:17:15.573Z",
    "duration": 721,
    "testsRegistered": 1,
    "passPercent": 100,
    "pendingPercent": 0,
    "other": 0,
    "hasOther": false,
    "skipped": 0,
    "hasSkipped": false
  },
  "results": [
    {
      "uuid": "a026f575-d6fe-40bb-a969-0f32d047503f",
      "title": "",
      "fullFile": "D:\\Coding Work\\almabetter\\capstone Project\\full stack project\\Entertainment App BackEnd\\tests\\test.js",
      "file": "\\tests\\test.js",
      "beforeHooks": [],
      "afterHooks": [],
      "tests": [],
      "suites": [
        {
          "uuid": "046d377f-e81c-4fd9-a4cb-b46a9997b6c1",
          "title": "User Routes",
          "fullFile": "D:\\Coding Work\\almabetter\\capstone Project\\full stack project\\Entertainment App BackEnd\\tests\\test.js",
          "file": "\\tests\\test.js",
          "beforeHooks": [],
          "afterHooks": [],
          "tests": [
            {
              "title": "get user information",
              "fullTitle": "User Routes get user information",
              "timedOut": false,
              "duration": 706,
              "state": "passed",
              "speed": "slow",
              "pass": true,
              "fail": false,
              "pending": false,
              "context": null,
              "code": "// token should be changed accordingly\nconst token =\n  \"eyJhbGciOiJIUzI1NiIsInR5cCI6IkpXVCJ9.eyJpZCI6IjY2MjRmYzhhNjdlODU0ZjZhYjNhOTJhMCIsImVtYWlsIjoic2FuamlAZ21haWwuY29tIiwiaWF0IjoxNzEzNzAwMDAwfQ.oKlxgNLAD0Sqo_jopuVcDhcUta1qhMt-qoEocoQnsKI\";\nconst res = await chai\n  .request(app)\n  .get(\"/v1/user/info\")\n  .set(\"Authorization\", `Bearer ${token}`);\nexpect(res).to.have.status(200);\nexpect(res.body).to.be.an(\"array\");",
              "err": {},
              "uuid": "7dc05e78-cb0f-4d64-8b07-b5513e2a59ae",
              "parentUUID": "046d377f-e81c-4fd9-a4cb-b46a9997b6c1",
              "isHook": false,
              "skipped": false
            }
          ],
          "suites": [],
          "passes": [
            "7dc05e78-cb0f-4d64-8b07-b5513e2a59ae"
          ],
          "failures": [],
          "pending": [],
          "skipped": [],
          "duration": 706,
          "root": false,
          "rootEmpty": false,
          "_timeout": 60000
        }
      ],
      "passes": [],
      "failures": [],
      "pending": [],
      "skipped": [],
      "duration": 0,
      "root": true,
      "rootEmpty": true,
      "_timeout": 60000
    }
  ],
  "meta": {
    "mocha": {
      "version": "10.4.0"
    },
    "mochawesome": {
      "options": {
        "quiet": false,
        "reportFilename": "mochawesome",
        "saveHtml": true,
        "saveJson": true,
        "consoleReporter": "spec",
        "useInlineDiffs": false,
        "code": true
      },
      "version": "7.1.3"
    },
    "marge": {
      "options": null,
      "version": "6.2.0"
    }
  }
}